2017-06-09 10:00:41 - INFO  de.vv.stockstore.converter.Converter - Converter start.
2017-06-09 10:00:41 - INFO  de.vv.stockstore.converter.Converter - Occupying file: D:\StockStore\Esma\Data\esmadata_2017-06-01.txt
2017-06-09 10:00:42 - INFO  de.vv.stockstore.converter.DbConnect - Establishing SQL connection.
2017-06-09 10:00:45 - INFO  de.vv.stockstore.converter.DbConnect - Connection successeded
2017-06-09 10:00:45 - INFO  de.vv.stockstore.converter.DbConnect - starting queries
2017-06-09 10:00:45 - ERROR de.vv.stockstore.converter.DbConnect - Exception: The value is not set for the parameter number 7.
2017-06-09 10:00:45 - INFO  de.vv.stockstore.converter.Converter - Converter end.
2017-06-09 10:02:48 - INFO  de.vv.stockstore.converter.Converter - Converter start.
2017-06-09 10:02:48 - ERROR de.vv.stockstore.converter.Converter - File not found: null
2017-06-09 10:02:48 - INFO  de.vv.stockstore.converter.Converter - Converter end.
2017-06-09 10:03:28 - INFO  de.vv.stockstore.converter.Converter - Converter start.
2017-06-09 10:03:28 - INFO  de.vv.stockstore.converter.Converter - Occupying file: D:\StockStore\Esma\Data\esmadata_2017-06-01.txt
2017-06-09 10:03:29 - INFO  de.vv.stockstore.converter.DbConnect - Establishing SQL connection.
2017-06-09 10:03:31 - INFO  de.vv.stockstore.converter.DbConnect - Connection successeded
2017-06-09 10:03:31 - INFO  de.vv.stockstore.converter.DbConnect - starting queries
2017-06-09 10:03:32 - ERROR de.vv.stockstore.converter.DbConnect - Exception: Incorrect syntax near ')'.
2017-06-09 10:03:32 - INFO  de.vv.stockstore.converter.Converter - Converter end.
2017-06-09 10:04:26 - INFO  de.vv.stockstore.converter.Converter - Converter start.
2017-06-09 10:04:26 - ERROR de.vv.stockstore.converter.Converter - File not found: null
2017-06-09 10:04:26 - INFO  de.vv.stockstore.converter.Converter - Converter end.
2017-06-09 10:04:35 - INFO  de.vv.stockstore.converter.Converter - Converter start.
2017-06-09 10:04:35 - INFO  de.vv.stockstore.converter.Converter - Occupying file: D:\StockStore\Esma\Data\esmadata_2017-06-07.txt
2017-06-09 10:04:36 - INFO  de.vv.stockstore.converter.DbConnect - Establishing SQL connection.
2017-06-09 10:04:38 - INFO  de.vv.stockstore.converter.DbConnect - Connection successeded
2017-06-09 10:04:38 - INFO  de.vv.stockstore.converter.DbConnect - starting queries
2017-06-09 10:04:39 - INFO  de.vv.stockstore.converter.DbConnect - Queries sent: 1600
2017-06-09 10:04:39 - INFO  de.vv.stockstore.converter.DbConnect - Queries sent: 3200
2017-06-09 10:04:40 - INFO  de.vv.stockstore.converter.DbConnect - Queries sent: 4800
2017-06-09 10:04:40 - INFO  de.vv.stockstore.converter.DbConnect - Queries sent: 6400
2017-06-09 10:04:40 - INFO  de.vv.stockstore.converter.DbConnect - Queries sent: 8000
2017-06-09 10:04:41 - INFO  de.vv.stockstore.converter.DbConnect - Queries sent: 9600
2017-06-09 10:04:41 - INFO  de.vv.stockstore.converter.DbConnect - Queries sent: 11200
2017-06-09 10:04:41 - INFO  de.vv.stockstore.converter.DbConnect - Queries sent: 12800
2017-06-09 10:04:41 - INFO  de.vv.stockstore.converter.DbConnect - Queries sent: 14400
2017-06-09 10:04:41 - INFO  de.vv.stockstore.converter.DbConnect - Queries sent: 16000
2017-06-09 10:04:42 - INFO  de.vv.stockstore.converter.DbConnect - Queries sent: 17600
2017-06-09 10:04:42 - INFO  de.vv.stockstore.converter.DbConnect - Queries sent: 19200
2017-06-09 10:04:42 - INFO  de.vv.stockstore.converter.DbConnect - Queries sent: 20800
2017-06-09 10:04:42 - INFO  de.vv.stockstore.converter.DbConnect - Queries sent: 22400
2017-06-09 10:04:43 - INFO  de.vv.stockstore.converter.DbConnect - Queries sent: 24000
2017-06-09 10:04:43 - INFO  de.vv.stockstore.converter.DbConnect - Queries sent: 25600
2017-06-09 10:04:43 - INFO  de.vv.stockstore.converter.DbConnect - Queries sent: 27200
2017-06-09 10:04:43 - INFO  de.vv.stockstore.converter.DbConnect - Queries sent: 28800
2017-06-09 10:04:43 - INFO  de.vv.stockstore.converter.DbConnect - Queries sent: 30400
2017-06-09 10:04:44 - INFO  de.vv.stockstore.converter.DbConnect - Queries sent: 32000
2017-06-09 10:04:44 - INFO  de.vv.stockstore.converter.DbConnect - Queries sent: 33600
2017-06-09 10:04:44 - INFO  de.vv.stockstore.converter.DbConnect - Queries sent: 35200
2017-06-09 10:04:45 - INFO  de.vv.stockstore.converter.DbConnect - Queries sent: 36800
2017-06-09 10:04:45 - INFO  de.vv.stockstore.converter.DbConnect - Queries sent: 38400
2017-06-09 10:04:45 - INFO  de.vv.stockstore.converter.DbConnect - Queries sent: 40000
2017-06-09 10:04:45 - INFO  de.vv.stockstore.converter.DbConnect - Queries sent: 41600
2017-06-09 10:04:46 - INFO  de.vv.stockstore.converter.DbConnect - Queries sent: 43200
2017-06-09 10:04:46 - INFO  de.vv.stockstore.converter.DbConnect - Queries sent: 44800
2017-06-09 10:04:46 - INFO  de.vv.stockstore.converter.DbConnect - Queries sent: 46400
2017-06-09 10:04:46 - INFO  de.vv.stockstore.converter.DbConnect - Queries sent: 48000
2017-06-09 10:04:46 - INFO  de.vv.stockstore.converter.DbConnect - Queries sent: 49600
2017-06-09 10:04:46 - INFO  de.vv.stockstore.converter.DbConnect - Queries sent: 51200
2017-06-09 10:04:47 - INFO  de.vv.stockstore.converter.DbConnect - Queries sent: 52800
2017-06-09 10:04:47 - INFO  de.vv.stockstore.converter.DbConnect - Queries sent: 54400
2017-06-09 10:04:47 - INFO  de.vv.stockstore.converter.DbConnect - Queries sent: 56000
2017-06-09 10:04:47 - INFO  de.vv.stockstore.converter.DbConnect - Queries sent: 57600
2017-06-09 10:04:47 - INFO  de.vv.stockstore.converter.DbConnect - Queries sent: 59200
2017-06-09 10:04:48 - INFO  de.vv.stockstore.converter.DbConnect - Queries sent: 60800
2017-06-09 10:04:48 - INFO  de.vv.stockstore.converter.DbConnect - Queries sent: 62400
2017-06-09 10:04:48 - INFO  de.vv.stockstore.converter.DbConnect - Queries sent: 64000
2017-06-09 10:04:48 - INFO  de.vv.stockstore.converter.DbConnect - Queries sent: 65600
2017-06-09 10:04:48 - INFO  de.vv.stockstore.converter.DbConnect - Queries sent: 67200
2017-06-09 10:04:49 - INFO  de.vv.stockstore.converter.DbConnect - Queries sent: 68800
2017-06-09 10:04:49 - INFO  de.vv.stockstore.converter.DbConnect - Queries sent: 70400
2017-06-09 10:04:49 - INFO  de.vv.stockstore.converter.DbConnect - Queries sent: 72000
2017-06-09 10:04:49 - INFO  de.vv.stockstore.converter.DbConnect - Queries sent: 73600
2017-06-09 10:04:50 - INFO  de.vv.stockstore.converter.DbConnect - Queries sent: 75200
2017-06-09 10:04:50 - INFO  de.vv.stockstore.converter.DbConnect - Queries sent: 76800
2017-06-09 10:04:50 - INFO  de.vv.stockstore.converter.DbConnect - Queries sent: 78400
2017-06-09 10:04:51 - INFO  de.vv.stockstore.converter.DbConnect - Queries sent: 80000
2017-06-09 10:04:52 - INFO  de.vv.stockstore.converter.DbConnect - Queries sent: 81600
2017-06-09 10:04:52 - INFO  de.vv.stockstore.converter.DbConnect - Queries sent: 83200
2017-06-09 10:04:52 - INFO  de.vv.stockstore.converter.DbConnect - Queries sent: 84800
2017-06-09 10:04:53 - INFO  de.vv.stockstore.converter.DbConnect - Queries sent: 86400
2017-06-09 10:04:53 - INFO  de.vv.stockstore.converter.DbConnect - Queries sent: 88000
2017-06-09 10:04:53 - INFO  de.vv.stockstore.converter.DbConnect - Queries sent: 89600
2017-06-09 10:04:53 - INFO  de.vv.stockstore.converter.DbConnect - Queries sent: 91200
2017-06-09 10:04:53 - INFO  de.vv.stockstore.converter.DbConnect - Queries sent: 92800
2017-06-09 10:04:53 - INFO  de.vv.stockstore.converter.DbConnect - Queries sent: 94400
2017-06-09 10:04:54 - INFO  de.vv.stockstore.converter.DbConnect - Queries sent: 96000
2017-06-09 10:04:54 - INFO  de.vv.stockstore.converter.DbConnect - Queries sent: 97600
2017-06-09 10:04:54 - INFO  de.vv.stockstore.converter.DbConnect - Queries sent: 99200
2017-06-09 10:04:54 - INFO  de.vv.stockstore.converter.DbConnect - Queries sent: 100800
2017-06-09 10:04:54 - INFO  de.vv.stockstore.converter.DbConnect - Queries sent: 102400
2017-06-09 10:04:55 - INFO  de.vv.stockstore.converter.DbConnect - Queries sent: 104000
2017-06-09 10:04:55 - INFO  de.vv.stockstore.converter.DbConnect - Queries sent: 105600
2017-06-09 10:04:55 - INFO  de.vv.stockstore.converter.DbConnect - Queries sent: 107200
2017-06-09 10:04:56 - INFO  de.vv.stockstore.converter.DbConnect - Queries sent: 108800
2017-06-09 10:04:56 - INFO  de.vv.stockstore.converter.DbConnect - Queries sent: 110400
2017-06-09 10:04:56 - INFO  de.vv.stockstore.converter.DbConnect - Queries sent: 112000
2017-06-09 10:04:56 - INFO  de.vv.stockstore.converter.DbConnect - Queries sent: 113600
2017-06-09 10:04:56 - INFO  de.vv.stockstore.converter.DbConnect - Queries sent: 115200
2017-06-09 10:04:56 - INFO  de.vv.stockstore.converter.DbConnect - Queries sent: 116800
2017-06-09 10:04:56 - INFO  de.vv.stockstore.converter.DbConnect - Queries sent: 118400
2017-06-09 10:04:56 - INFO  de.vv.stockstore.converter.DbConnect - Queries sent: 120000
2017-06-09 10:04:57 - INFO  de.vv.stockstore.converter.DbConnect - Queries sent: 121600
2017-06-09 10:04:57 - INFO  de.vv.stockstore.converter.DbConnect - Queries sent: 123200
2017-06-09 10:04:57 - INFO  de.vv.stockstore.converter.DbConnect - Queries sent: 124800
2017-06-09 10:04:57 - INFO  de.vv.stockstore.converter.DbConnect - Queries sent: 126400
2017-06-09 10:04:57 - INFO  de.vv.stockstore.converter.DbConnect - Queries sent: 128000
2017-06-09 10:04:57 - INFO  de.vv.stockstore.converter.DbConnect - Queries sent: 129600
2017-06-09 10:04:57 - INFO  de.vv.stockstore.converter.DbConnect - Queries sent: 131200
2017-06-09 10:04:58 - INFO  de.vv.stockstore.converter.DbConnect - Queries sent: 132800
2017-06-09 10:04:58 - INFO  de.vv.stockstore.converter.DbConnect - Queries sent: 134400
2017-06-09 10:04:58 - INFO  de.vv.stockstore.converter.DbConnect - Queries sent: 136000
2017-06-09 10:04:58 - INFO  de.vv.stockstore.converter.DbConnect - Queries sent: 137600
2017-06-09 10:04:58 - INFO  de.vv.stockstore.converter.DbConnect - Queries sent: 139200
2017-06-09 10:04:58 - INFO  de.vv.stockstore.converter.DbConnect - Queries sent: 140800
2017-06-09 10:04:58 - INFO  de.vv.stockstore.converter.DbConnect - Queries sent: 142400
2017-06-09 10:04:59 - INFO  de.vv.stockstore.converter.DbConnect - Queries sent: 144000
2017-06-09 10:04:59 - INFO  de.vv.stockstore.converter.DbConnect - Queries sent: 145600
2017-06-09 10:04:59 - INFO  de.vv.stockstore.converter.DbConnect - Queries sent: 147200
2017-06-09 10:04:59 - INFO  de.vv.stockstore.converter.DbConnect - Queries sent: 148800
2017-06-09 10:04:59 - INFO  de.vv.stockstore.converter.DbConnect - Queries sent: 150400
2017-06-09 10:04:59 - INFO  de.vv.stockstore.converter.DbConnect - Queries sent: 152000
2017-06-09 10:04:59 - INFO  de.vv.stockstore.converter.DbConnect - Queries sent: 153600
2017-06-09 10:04:59 - INFO  de.vv.stockstore.converter.DbConnect - Queries sent: 155200
2017-06-09 10:05:00 - INFO  de.vv.stockstore.converter.DbConnect - Queries sent: 156800
2017-06-09 10:05:00 - INFO  de.vv.stockstore.converter.DbConnect - Queries sent: 158400
2017-06-09 10:05:00 - INFO  de.vv.stockstore.converter.DbConnect - Queries sent: 160000
2017-06-09 10:05:00 - INFO  de.vv.stockstore.converter.DbConnect - Queries sent: 161600
2017-06-09 10:05:00 - INFO  de.vv.stockstore.converter.DbConnect - Queries sent: 163200
2017-06-09 10:05:00 - INFO  de.vv.stockstore.converter.DbConnect - Queries sent: 164800
2017-06-09 10:05:00 - INFO  de.vv.stockstore.converter.DbConnect - Queries sent: 166400
2017-06-09 10:05:01 - INFO  de.vv.stockstore.converter.DbConnect - Queries sent: 168000
2017-06-09 10:05:01 - INFO  de.vv.stockstore.converter.DbConnect - Queries sent: 169600
2017-06-09 10:05:01 - INFO  de.vv.stockstore.converter.DbConnect - Queries sent: 171200
2017-06-09 10:05:01 - INFO  de.vv.stockstore.converter.DbConnect - Queries sent: 172800
2017-06-09 10:05:01 - INFO  de.vv.stockstore.converter.DbConnect - Queries sent: 174400
2017-06-09 10:05:01 - INFO  de.vv.stockstore.converter.DbConnect - Queries sent: 176000
2017-06-09 10:05:01 - INFO  de.vv.stockstore.converter.DbConnect - Queries sent: 177600
2017-06-09 10:05:01 - INFO  de.vv.stockstore.converter.DbConnect - Queries sent: 179200
2017-06-09 10:05:02 - INFO  de.vv.stockstore.converter.DbConnect - Queries sent: 180800
2017-06-09 10:05:02 - INFO  de.vv.stockstore.converter.DbConnect - Queries sent: 182400
2017-06-09 10:05:02 - INFO  de.vv.stockstore.converter.DbConnect - Queries sent: 184000
2017-06-09 10:05:02 - INFO  de.vv.stockstore.converter.DbConnect - Queries sent: 185600
2017-06-09 10:05:02 - INFO  de.vv.stockstore.converter.DbConnect - Queries sent: 187200
2017-06-09 10:05:02 - INFO  de.vv.stockstore.converter.DbConnect - Queries sent: 188800
2017-06-09 10:05:02 - INFO  de.vv.stockstore.converter.DbConnect - Queries sent: 190400
2017-06-09 10:05:02 - INFO  de.vv.stockstore.converter.DbConnect - Queries sent: 192000
2017-06-09 10:05:02 - INFO  de.vv.stockstore.converter.DbConnect - Queries sent: 193600
2017-06-09 10:05:03 - INFO  de.vv.stockstore.converter.DbConnect - Queries sent: 195200
2017-06-09 10:05:03 - INFO  de.vv.stockstore.converter.DbConnect - Queries sent: 196800
2017-06-09 10:05:03 - INFO  de.vv.stockstore.converter.DbConnect - Queries sent: 198400
2017-06-09 10:05:03 - INFO  de.vv.stockstore.converter.DbConnect - Queries sent: 200000
2017-06-09 10:05:03 - INFO  de.vv.stockstore.converter.DbConnect - Queries sent: 201600
2017-06-09 10:05:03 - INFO  de.vv.stockstore.converter.DbConnect - Queries sent: 203200
2017-06-09 10:05:03 - INFO  de.vv.stockstore.converter.DbConnect - Queries sent: 204800
2017-06-09 10:05:03 - INFO  de.vv.stockstore.converter.DbConnect - Queries sent: 206400
2017-06-09 10:05:04 - INFO  de.vv.stockstore.converter.DbConnect - Queries sent: 208000
2017-06-09 10:05:04 - INFO  de.vv.stockstore.converter.DbConnect - Queries sent: 209600
2017-06-09 10:05:04 - INFO  de.vv.stockstore.converter.DbConnect - Queries sent: 211200
2017-06-09 10:05:04 - INFO  de.vv.stockstore.converter.DbConnect - Queries sent: 212800
2017-06-09 10:05:04 - INFO  de.vv.stockstore.converter.DbConnect - Queries sent: 214400
2017-06-09 10:05:04 - INFO  de.vv.stockstore.converter.DbConnect - Queries sent: 216000
2017-06-09 10:05:04 - INFO  de.vv.stockstore.converter.DbConnect - Queries sent: 217600
2017-06-09 10:05:04 - INFO  de.vv.stockstore.converter.DbConnect - Queries sent: 219200
2017-06-09 10:05:04 - INFO  de.vv.stockstore.converter.DbConnect - Queries sent: 220800
2017-06-09 10:05:05 - INFO  de.vv.stockstore.converter.DbConnect - Queries sent: 222400
2017-06-09 10:05:05 - INFO  de.vv.stockstore.converter.DbConnect - Queries sent: 224000
2017-06-09 10:05:05 - INFO  de.vv.stockstore.converter.DbConnect - Queries sent: 225600
2017-06-09 10:05:05 - INFO  de.vv.stockstore.converter.DbConnect - Queries sent: 227200
2017-06-09 10:05:05 - INFO  de.vv.stockstore.converter.DbConnect - Queries sent: 228800
2017-06-09 10:05:05 - INFO  de.vv.stockstore.converter.DbConnect - Queries sent: 230400
2017-06-09 10:05:05 - INFO  de.vv.stockstore.converter.DbConnect - Queries sent: 232000
2017-06-09 10:05:06 - INFO  de.vv.stockstore.converter.DbConnect - Queries sent: 233600
2017-06-09 10:05:06 - INFO  de.vv.stockstore.converter.DbConnect - Queries sent: 235200
2017-06-09 10:05:06 - INFO  de.vv.stockstore.converter.DbConnect - Queries sent: 236800
2017-06-09 10:05:06 - INFO  de.vv.stockstore.converter.DbConnect - Queries sent: 238400
2017-06-09 10:05:06 - INFO  de.vv.stockstore.converter.DbConnect - Queries sent: 240000
2017-06-09 10:05:06 - INFO  de.vv.stockstore.converter.DbConnect - Queries sent: 241600
2017-06-09 10:05:06 - INFO  de.vv.stockstore.converter.DbConnect - Queries sent: 243200
2017-06-09 10:05:07 - INFO  de.vv.stockstore.converter.DbConnect - Queries sent: 244800
2017-06-09 10:05:07 - INFO  de.vv.stockstore.converter.DbConnect - Queries sent: 246400
2017-06-09 10:05:07 - INFO  de.vv.stockstore.converter.DbConnect - Queries sent: 248000
2017-06-09 10:05:07 - INFO  de.vv.stockstore.converter.DbConnect - Queries sent: 249600
2017-06-09 10:05:07 - INFO  de.vv.stockstore.converter.DbConnect - Queries sent: 251200
2017-06-09 10:05:07 - INFO  de.vv.stockstore.converter.DbConnect - Queries sent: 252800
2017-06-09 10:05:07 - INFO  de.vv.stockstore.converter.DbConnect - Queries sent: 254400
2017-06-09 10:05:07 - INFO  de.vv.stockstore.converter.DbConnect - Queries sent: 256000
2017-06-09 10:05:07 - INFO  de.vv.stockstore.converter.DbConnect - Queries sent: 257600
2017-06-09 10:05:08 - INFO  de.vv.stockstore.converter.DbConnect - Queries sent: 259200
2017-06-09 10:05:08 - INFO  de.vv.stockstore.converter.DbConnect - Queries sent: 260800
2017-06-09 10:05:08 - INFO  de.vv.stockstore.converter.DbConnect - Queries sent: 262400
2017-06-09 10:05:08 - INFO  de.vv.stockstore.converter.DbConnect - Queries sent: 264000
2017-06-09 10:05:08 - INFO  de.vv.stockstore.converter.DbConnect - Queries sent: 265600
2017-06-09 10:05:08 - INFO  de.vv.stockstore.converter.DbConnect - Queries sent: 267200
2017-06-09 10:05:08 - INFO  de.vv.stockstore.converter.DbConnect - Queries sent: 268800
2017-06-09 10:05:08 - INFO  de.vv.stockstore.converter.DbConnect - Queries sent: 270400
2017-06-09 10:05:09 - INFO  de.vv.stockstore.converter.DbConnect - Queries sent: 272000
2017-06-09 10:05:09 - INFO  de.vv.stockstore.converter.DbConnect - Queries sent: 273600
2017-06-09 10:05:09 - INFO  de.vv.stockstore.converter.DbConnect - Queries sent: 275200
2017-06-09 10:05:09 - INFO  de.vv.stockstore.converter.DbConnect - Queries sent: 276800
2017-06-09 10:05:09 - INFO  de.vv.stockstore.converter.DbConnect - Queries sent: 278400
2017-06-09 10:05:09 - INFO  de.vv.stockstore.converter.DbConnect - Queries sent: 280000
2017-06-09 10:05:09 - INFO  de.vv.stockstore.converter.DbConnect - Queries sent: 281600
2017-06-09 10:05:09 - INFO  de.vv.stockstore.converter.DbConnect - Queries sent: 283200
2017-06-09 10:05:09 - INFO  de.vv.stockstore.converter.DbConnect - Queries sent: 284800
2017-06-09 10:05:10 - INFO  de.vv.stockstore.converter.DbConnect - Queries sent: 286400
2017-06-09 10:05:10 - INFO  de.vv.stockstore.converter.DbConnect - Queries sent: 288000
2017-06-09 10:05:10 - INFO  de.vv.stockstore.converter.DbConnect - Queries sent: 289600
2017-06-09 10:05:10 - INFO  de.vv.stockstore.converter.DbConnect - Queries sent: 291200
2017-06-09 10:05:10 - INFO  de.vv.stockstore.converter.DbConnect - Queries sent: 292800
2017-06-09 10:05:10 - INFO  de.vv.stockstore.converter.DbConnect - Queries sent: 294400
2017-06-09 10:05:10 - INFO  de.vv.stockstore.converter.DbConnect - Queries sent: 296000
2017-06-09 10:05:11 - INFO  de.vv.stockstore.converter.DbConnect - Queries sent: 297600
2017-06-09 10:05:11 - INFO  de.vv.stockstore.converter.DbConnect - Queries sent: 299200
2017-06-09 10:05:11 - INFO  de.vv.stockstore.converter.DbConnect - Queries sent: 300800
2017-06-09 10:05:11 - INFO  de.vv.stockstore.converter.DbConnect - Queries sent: 302400
2017-06-09 10:05:11 - INFO  de.vv.stockstore.converter.DbConnect - Queries sent: 304000
2017-06-09 10:05:11 - INFO  de.vv.stockstore.converter.DbConnect - Queries sent: 305600
2017-06-09 10:05:11 - INFO  de.vv.stockstore.converter.DbConnect - Queries sent: 307200
2017-06-09 10:05:11 - INFO  de.vv.stockstore.converter.DbConnect - Queries sent: 308800
2017-06-09 10:05:12 - INFO  de.vv.stockstore.converter.DbConnect - Queries sent: 310400
2017-06-09 10:05:12 - INFO  de.vv.stockstore.converter.DbConnect - Queries sent: 312000
2017-06-09 10:05:12 - INFO  de.vv.stockstore.converter.DbConnect - Queries sent: 313600
2017-06-09 10:05:12 - INFO  de.vv.stockstore.converter.DbConnect - Queries sent: 315200
2017-06-09 10:05:12 - INFO  de.vv.stockstore.converter.DbConnect - Queries sent: 316800
2017-06-09 10:05:12 - INFO  de.vv.stockstore.converter.DbConnect - Queries sent: 318400
2017-06-09 10:05:12 - INFO  de.vv.stockstore.converter.DbConnect - Queries sent: 320000
2017-06-09 10:05:12 - INFO  de.vv.stockstore.converter.DbConnect - Queries sent: 321600
2017-06-09 10:05:13 - INFO  de.vv.stockstore.converter.DbConnect - Queries sent: 323200
2017-06-09 10:05:13 - INFO  de.vv.stockstore.converter.DbConnect - Queries sent: 324800
2017-06-09 10:05:13 - INFO  de.vv.stockstore.converter.DbConnect - Queries sent: 326400
2017-06-09 10:05:13 - INFO  de.vv.stockstore.converter.DbConnect - Queries sent: 328000
2017-06-09 10:05:13 - INFO  de.vv.stockstore.converter.DbConnect - Queries sent: 329600
2017-06-09 10:05:13 - INFO  de.vv.stockstore.converter.DbConnect - Queries sent: 331200
2017-06-09 10:05:13 - INFO  de.vv.stockstore.converter.DbConnect - Queries sent: 332800
2017-06-09 10:05:13 - INFO  de.vv.stockstore.converter.DbConnect - Queries sent: 334400
2017-06-09 10:05:13 - INFO  de.vv.stockstore.converter.DbConnect - Queries sent: 336000
2017-06-09 10:05:14 - INFO  de.vv.stockstore.converter.DbConnect - Queries sent: 337600
2017-06-09 10:05:14 - INFO  de.vv.stockstore.converter.DbConnect - Queries sent: 339200
2017-06-09 10:05:14 - INFO  de.vv.stockstore.converter.DbConnect - Queries sent: 340800
2017-06-09 10:05:14 - INFO  de.vv.stockstore.converter.DbConnect - Queries sent: 342400
2017-06-09 10:05:14 - INFO  de.vv.stockstore.converter.DbConnect - Queries sent: 344000
2017-06-09 10:05:14 - INFO  de.vv.stockstore.converter.DbConnect - Queries sent: 345600
2017-06-09 10:05:15 - INFO  de.vv.stockstore.converter.DbConnect - Queries sent: 347200
2017-06-09 10:05:15 - INFO  de.vv.stockstore.converter.DbConnect - Queries sent: 348800
2017-06-09 10:05:15 - INFO  de.vv.stockstore.converter.DbConnect - Queries sent: 350400
2017-06-09 10:05:15 - INFO  de.vv.stockstore.converter.DbConnect - Queries sent: 352000
2017-06-09 10:05:15 - INFO  de.vv.stockstore.converter.DbConnect - Queries sent: 353600
2017-06-09 10:05:15 - INFO  de.vv.stockstore.converter.DbConnect - Queries sent: 355200
2017-06-09 10:05:15 - INFO  de.vv.stockstore.converter.DbConnect - Queries sent: 356800
2017-06-09 10:05:16 - INFO  de.vv.stockstore.converter.DbConnect - Queries sent: 358400
2017-06-09 10:05:16 - INFO  de.vv.stockstore.converter.DbConnect - Queries sent: 360000
2017-06-09 10:05:16 - INFO  de.vv.stockstore.converter.DbConnect - Queries sent: 361600
2017-06-09 10:05:16 - INFO  de.vv.stockstore.converter.DbConnect - Queries sent: 363200
2017-06-09 10:05:16 - INFO  de.vv.stockstore.converter.DbConnect - Queries sent: 364800
2017-06-09 10:05:16 - INFO  de.vv.stockstore.converter.DbConnect - Queries sent: 366400
2017-06-09 10:05:16 - INFO  de.vv.stockstore.converter.DbConnect - Queries sent: 368000
2017-06-09 10:05:17 - INFO  de.vv.stockstore.converter.DbConnect - Queries sent: 369600
2017-06-09 10:05:17 - INFO  de.vv.stockstore.converter.DbConnect - Queries sent: 371200
2017-06-09 10:05:17 - INFO  de.vv.stockstore.converter.DbConnect - Queries sent: 372800
2017-06-09 10:05:17 - INFO  de.vv.stockstore.converter.DbConnect - Queries sent: 374400
2017-06-09 10:05:17 - INFO  de.vv.stockstore.converter.DbConnect - Queries sent: 376000
2017-06-09 10:05:17 - INFO  de.vv.stockstore.converter.DbConnect - Queries sent: 377600
2017-06-09 10:05:17 - INFO  de.vv.stockstore.converter.DbConnect - Queries sent: 379200
2017-06-09 10:05:17 - INFO  de.vv.stockstore.converter.DbConnect - Queries sent: 380800
2017-06-09 10:05:18 - INFO  de.vv.stockstore.converter.DbConnect - Queries sent: 382400
2017-06-09 10:05:18 - INFO  de.vv.stockstore.converter.DbConnect - Queries sent: 384000
2017-06-09 10:05:18 - INFO  de.vv.stockstore.converter.DbConnect - Queries sent: 385600
2017-06-09 10:05:18 - INFO  de.vv.stockstore.converter.DbConnect - Queries sent: 387200
2017-06-09 10:05:18 - INFO  de.vv.stockstore.converter.DbConnect - Queries sent: 388800
2017-06-09 10:05:18 - INFO  de.vv.stockstore.converter.DbConnect - Queries sent: 390400
2017-06-09 10:05:18 - INFO  de.vv.stockstore.converter.DbConnect - Queries sent: 392000
2017-06-09 10:05:18 - INFO  de.vv.stockstore.converter.DbConnect - Queries sent: 393600
2017-06-09 10:05:19 - INFO  de.vv.stockstore.converter.DbConnect - Queries sent: 395200
2017-06-09 10:05:19 - INFO  de.vv.stockstore.converter.DbConnect - Queries sent: 396800
2017-06-09 10:05:19 - INFO  de.vv.stockstore.converter.DbConnect - Queries sent: 398400
2017-06-09 10:05:19 - INFO  de.vv.stockstore.converter.DbConnect - Queries sent: 400000
2017-06-09 10:05:19 - INFO  de.vv.stockstore.converter.DbConnect - Queries sent: 401600
2017-06-09 10:05:19 - INFO  de.vv.stockstore.converter.DbConnect - Queries sent: 403200
2017-06-09 10:05:19 - INFO  de.vv.stockstore.converter.DbConnect - Queries sent: 404800
2017-06-09 10:05:19 - INFO  de.vv.stockstore.converter.DbConnect - Queries sent: 406400
2017-06-09 10:05:20 - INFO  de.vv.stockstore.converter.DbConnect - Queries sent: 408000
2017-06-09 10:05:20 - INFO  de.vv.stockstore.converter.DbConnect - Queries sent: 409600
2017-06-09 10:05:20 - INFO  de.vv.stockstore.converter.DbConnect - Queries sent: 411200
2017-06-09 10:05:20 - INFO  de.vv.stockstore.converter.DbConnect - Queries sent: 412800
2017-06-09 10:05:20 - INFO  de.vv.stockstore.converter.DbConnect - Queries sent: 414400
2017-06-09 10:05:20 - INFO  de.vv.stockstore.converter.DbConnect - Queries sent: 416000
2017-06-09 10:05:20 - INFO  de.vv.stockstore.converter.DbConnect - Queries sent: 417600
2017-06-09 10:05:20 - INFO  de.vv.stockstore.converter.DbConnect - Queries sent: 419200
2017-06-09 10:05:21 - INFO  de.vv.stockstore.converter.DbConnect - Queries sent: 420800
2017-06-09 10:05:21 - INFO  de.vv.stockstore.converter.DbConnect - Queries sent: 422400
2017-06-09 10:05:21 - INFO  de.vv.stockstore.converter.DbConnect - Queries sent: 424000
2017-06-09 10:05:21 - INFO  de.vv.stockstore.converter.DbConnect - Queries sent: 425600
2017-06-09 10:05:21 - INFO  de.vv.stockstore.converter.DbConnect - Queries sent: 427200
2017-06-09 10:05:21 - INFO  de.vv.stockstore.converter.DbConnect - Queries sent: 428800
2017-06-09 10:05:21 - INFO  de.vv.stockstore.converter.DbConnect - Queries sent: 430400
2017-06-09 10:05:21 - INFO  de.vv.stockstore.converter.DbConnect - Queries sent: 432000
2017-06-09 10:05:22 - INFO  de.vv.stockstore.converter.DbConnect - Queries sent: 433600
2017-06-09 10:05:22 - INFO  de.vv.stockstore.converter.DbConnect - Queries sent: 435200
2017-06-09 10:05:22 - INFO  de.vv.stockstore.converter.DbConnect - Queries sent: 436800
2017-06-09 10:05:22 - INFO  de.vv.stockstore.converter.DbConnect - Queries sent: 438400
2017-06-09 10:05:22 - INFO  de.vv.stockstore.converter.DbConnect - Queries sent: 440000
2017-06-09 10:05:22 - INFO  de.vv.stockstore.converter.DbConnect - Queries sent: 441600
2017-06-09 10:05:22 - INFO  de.vv.stockstore.converter.DbConnect - Queries sent: 443200
2017-06-09 10:05:22 - INFO  de.vv.stockstore.converter.DbConnect - Queries sent: 444800
2017-06-09 10:05:23 - INFO  de.vv.stockstore.converter.DbConnect - Queries sent: 446400
2017-06-09 10:05:23 - INFO  de.vv.stockstore.converter.DbConnect - Queries sent: 448000
2017-06-09 10:05:23 - INFO  de.vv.stockstore.converter.DbConnect - Queries sent: 449600
2017-06-09 10:05:23 - INFO  de.vv.stockstore.converter.DbConnect - Queries sent: 451200
2017-06-09 10:05:23 - INFO  de.vv.stockstore.converter.DbConnect - Queries sent: 452800
2017-06-09 10:05:23 - INFO  de.vv.stockstore.converter.DbConnect - Queries sent: 454400
2017-06-09 10:05:23 - INFO  de.vv.stockstore.converter.DbConnect - Queries sent: 456000
2017-06-09 10:05:23 - INFO  de.vv.stockstore.converter.DbConnect - Queries sent: 457600
2017-06-09 10:05:24 - INFO  de.vv.stockstore.converter.DbConnect - Queries sent: 459200
2017-06-09 10:05:24 - INFO  de.vv.stockstore.converter.DbConnect - Queries sent: 460800
2017-06-09 10:05:24 - INFO  de.vv.stockstore.converter.DbConnect - Queries sent: 462400
2017-06-09 10:05:24 - INFO  de.vv.stockstore.converter.DbConnect - Queries sent: 464000
2017-06-09 10:05:24 - INFO  de.vv.stockstore.converter.DbConnect - Queries sent: 465600
2017-06-09 10:05:24 - INFO  de.vv.stockstore.converter.DbConnect - Queries sent: 467200
2017-06-09 10:05:24 - INFO  de.vv.stockstore.converter.DbConnect - Queries sent: 468800
2017-06-09 10:05:24 - INFO  de.vv.stockstore.converter.DbConnect - Queries sent: 470400
2017-06-09 10:05:25 - INFO  de.vv.stockstore.converter.DbConnect - Queries sent: 472000
2017-06-09 10:05:25 - INFO  de.vv.stockstore.converter.DbConnect - Queries sent: 473600
2017-06-09 10:05:25 - INFO  de.vv.stockstore.converter.DbConnect - Queries sent: 475200
2017-06-09 10:05:25 - INFO  de.vv.stockstore.converter.DbConnect - Queries sent: 476800
2017-06-09 10:05:25 - INFO  de.vv.stockstore.converter.DbConnect - Queries sent: 478400
2017-06-09 10:05:25 - INFO  de.vv.stockstore.converter.DbConnect - Queries sent: 480000
2017-06-09 10:05:25 - INFO  de.vv.stockstore.converter.DbConnect - Queries sent: 481600
2017-06-09 10:05:26 - INFO  de.vv.stockstore.converter.DbConnect - Queries sent: 483200
2017-06-09 10:05:26 - INFO  de.vv.stockstore.converter.DbConnect - Queries sent: 484800
2017-06-09 10:05:26 - INFO  de.vv.stockstore.converter.DbConnect - Queries sent: 486400
2017-06-09 10:05:26 - INFO  de.vv.stockstore.converter.DbConnect - Queries sent: 488000
2017-06-09 10:05:26 - INFO  de.vv.stockstore.converter.DbConnect - Queries sent: 489600
2017-06-09 10:05:26 - INFO  de.vv.stockstore.converter.DbConnect - Queries sent: 491200
2017-06-09 10:05:26 - INFO  de.vv.stockstore.converter.DbConnect - Queries sent: 492800
2017-06-09 10:05:27 - INFO  de.vv.stockstore.converter.DbConnect - Queries sent: 494400
2017-06-09 10:05:27 - INFO  de.vv.stockstore.converter.DbConnect - Queries sent: 496000
2017-06-09 10:05:27 - INFO  de.vv.stockstore.converter.DbConnect - Queries sent: 497600
2017-06-09 10:05:27 - INFO  de.vv.stockstore.converter.DbConnect - Queries sent: 499200
2017-06-09 10:05:27 - INFO  de.vv.stockstore.converter.DbConnect - Queries sent: 500800
2017-06-09 10:05:27 - INFO  de.vv.stockstore.converter.DbConnect - Queries sent: 502400
2017-06-09 10:05:27 - INFO  de.vv.stockstore.converter.DbConnect - Queries sent: 504000
2017-06-09 10:05:28 - INFO  de.vv.stockstore.converter.DbConnect - Queries sent: 505600
2017-06-09 10:05:28 - INFO  de.vv.stockstore.converter.DbConnect - Queries sent: 507200
2017-06-09 10:05:28 - INFO  de.vv.stockstore.converter.DbConnect - Queries sent: 508800
2017-06-09 10:05:28 - INFO  de.vv.stockstore.converter.DbConnect - Queries sent: 510400
2017-06-09 10:05:28 - INFO  de.vv.stockstore.converter.DbConnect - Queries sent: 512000
2017-06-09 10:05:28 - INFO  de.vv.stockstore.converter.DbConnect - Queries sent: 513600
2017-06-09 10:05:28 - INFO  de.vv.stockstore.converter.DbConnect - Queries sent: 515200
2017-06-09 10:05:28 - INFO  de.vv.stockstore.converter.DbConnect - Queries sent: 516800
2017-06-09 10:05:29 - INFO  de.vv.stockstore.converter.DbConnect - Queries sent: 518400
2017-06-09 10:05:29 - INFO  de.vv.stockstore.converter.DbConnect - Queries sent: 520000
2017-06-09 10:05:29 - INFO  de.vv.stockstore.converter.DbConnect - Queries sent: 521600
2017-06-09 10:05:29 - INFO  de.vv.stockstore.converter.DbConnect - Queries sent: 523200
2017-06-09 10:05:29 - INFO  de.vv.stockstore.converter.DbConnect - Queries sent: 524800
2017-06-09 10:05:29 - INFO  de.vv.stockstore.converter.DbConnect - Queries sent: 526400
2017-06-09 10:05:30 - INFO  de.vv.stockstore.converter.DbConnect - Queries sent: 528000
2017-06-09 10:05:30 - INFO  de.vv.stockstore.converter.DbConnect - Queries sent: 529600
2017-06-09 10:05:31 - INFO  de.vv.stockstore.converter.DbConnect - Queries sent: 531200
2017-06-09 10:05:31 - INFO  de.vv.stockstore.converter.DbConnect - Queries sent: 532800
2017-06-09 10:05:31 - INFO  de.vv.stockstore.converter.DbConnect - Queries sent: 534400
2017-06-09 10:05:31 - INFO  de.vv.stockstore.converter.DbConnect - Queries sent: 536000
2017-06-09 10:05:31 - INFO  de.vv.stockstore.converter.DbConnect - Queries sent: 537600
2017-06-09 10:05:31 - INFO  de.vv.stockstore.converter.DbConnect - Queries sent: 539200
2017-06-09 10:05:32 - INFO  de.vv.stockstore.converter.DbConnect - Queries sent: 540800
2017-06-09 10:05:32 - INFO  de.vv.stockstore.converter.DbConnect - Queries sent: 542400
2017-06-09 10:05:32 - INFO  de.vv.stockstore.converter.DbConnect - Queries sent: 544000
2017-06-09 10:05:32 - INFO  de.vv.stockstore.converter.DbConnect - Queries sent: 545600
2017-06-09 10:05:32 - INFO  de.vv.stockstore.converter.DbConnect - Queries sent: 547200
2017-06-09 10:05:32 - INFO  de.vv.stockstore.converter.DbConnect - Queries sent: 548800
2017-06-09 10:05:32 - INFO  de.vv.stockstore.converter.DbConnect - Queries sent: 550400
2017-06-09 10:05:32 - INFO  de.vv.stockstore.converter.DbConnect - Queries sent: 552000
2017-06-09 10:05:33 - INFO  de.vv.stockstore.converter.DbConnect - Queries sent: 553600
2017-06-09 10:05:33 - INFO  de.vv.stockstore.converter.DbConnect - Queries sent: 555200
2017-06-09 10:05:33 - INFO  de.vv.stockstore.converter.DbConnect - Queries sent: 556800
2017-06-09 10:05:33 - INFO  de.vv.stockstore.converter.DbConnect - Queries sent: 558400
2017-06-09 10:05:33 - INFO  de.vv.stockstore.converter.DbConnect - Queries sent: 560000
2017-06-09 10:05:33 - INFO  de.vv.stockstore.converter.DbConnect - Queries sent: 561600
2017-06-09 10:05:33 - INFO  de.vv.stockstore.converter.DbConnect - Queries sent: 563200
2017-06-09 10:05:33 - INFO  de.vv.stockstore.converter.DbConnect - Queries sent: 564800
2017-06-09 10:05:34 - INFO  de.vv.stockstore.converter.DbConnect - Queries sent: 566400
2017-06-09 10:05:34 - INFO  de.vv.stockstore.converter.DbConnect - Queries sent: 568000
2017-06-09 10:05:34 - INFO  de.vv.stockstore.converter.DbConnect - Queries sent: 569600
2017-06-09 10:05:34 - INFO  de.vv.stockstore.converter.DbConnect - Queries sent: 571200
2017-06-09 10:05:34 - INFO  de.vv.stockstore.converter.DbConnect - Queries sent: 572800
2017-06-09 10:05:34 - INFO  de.vv.stockstore.converter.DbConnect - Queries sent: 574400
2017-06-09 10:05:34 - INFO  de.vv.stockstore.converter.DbConnect - Queries sent: 576000
2017-06-09 10:05:34 - INFO  de.vv.stockstore.converter.DbConnect - Queries sent: 577600
2017-06-09 10:05:35 - INFO  de.vv.stockstore.converter.DbConnect - Queries sent: 579200
2017-06-09 10:05:35 - INFO  de.vv.stockstore.converter.DbConnect - Queries sent: 580800
2017-06-09 10:05:35 - INFO  de.vv.stockstore.converter.DbConnect - Queries sent: 582400
2017-06-09 10:05:35 - INFO  de.vv.stockstore.converter.DbConnect - Queries sent: 584000
2017-06-09 10:05:35 - INFO  de.vv.stockstore.converter.DbConnect - Queries sent: 585600
2017-06-09 10:05:35 - INFO  de.vv.stockstore.converter.DbConnect - Queries sent: 587200
2017-06-09 10:05:35 - INFO  de.vv.stockstore.converter.DbConnect - Queries sent: 588800
2017-06-09 10:05:36 - INFO  de.vv.stockstore.converter.DbConnect - Queries sent: 590400
2017-06-09 10:05:36 - INFO  de.vv.stockstore.converter.DbConnect - Queries sent: 592000
2017-06-09 10:05:36 - INFO  de.vv.stockstore.converter.DbConnect - Queries sent: 593600
2017-06-09 10:05:36 - INFO  de.vv.stockstore.converter.DbConnect - Queries sent: 595200
2017-06-09 10:05:36 - INFO  de.vv.stockstore.converter.DbConnect - Queries sent: 596800
2017-06-09 10:05:36 - INFO  de.vv.stockstore.converter.DbConnect - Queries sent: 598400
2017-06-09 10:05:36 - INFO  de.vv.stockstore.converter.DbConnect - Queries sent: 600000
2017-06-09 10:05:36 - INFO  de.vv.stockstore.converter.DbConnect - Queries sent: 601600
2017-06-09 10:05:37 - INFO  de.vv.stockstore.converter.DbConnect - Queries sent: 603200
2017-06-09 10:05:37 - INFO  de.vv.stockstore.converter.DbConnect - Queries sent: 604800
2017-06-09 10:05:37 - INFO  de.vv.stockstore.converter.DbConnect - Queries sent: 606400
2017-06-09 10:05:37 - INFO  de.vv.stockstore.converter.DbConnect - Queries sent: 608000
2017-06-09 10:05:37 - INFO  de.vv.stockstore.converter.DbConnect - Queries sent: 609600
2017-06-09 10:05:37 - INFO  de.vv.stockstore.converter.DbConnect - Queries sent: 611200
2017-06-09 10:05:37 - INFO  de.vv.stockstore.converter.DbConnect - Queries sent: 612800
2017-06-09 10:05:38 - INFO  de.vv.stockstore.converter.DbConnect - Queries sent: 614400
2017-06-09 10:05:38 - INFO  de.vv.stockstore.converter.DbConnect - Queries sent: 616000
2017-06-09 10:05:38 - INFO  de.vv.stockstore.converter.DbConnect - Queries sent: 617600
2017-06-09 10:05:38 - INFO  de.vv.stockstore.converter.DbConnect - Queries sent: 619200
2017-06-09 10:05:38 - INFO  de.vv.stockstore.converter.DbConnect - Queries sent: 620800
2017-06-09 10:05:38 - INFO  de.vv.stockstore.converter.DbConnect - Queries sent: 622400
2017-06-09 10:05:38 - INFO  de.vv.stockstore.converter.DbConnect - Queries sent: 624000
2017-06-09 10:05:38 - INFO  de.vv.stockstore.converter.DbConnect - Queries sent: 625600
2017-06-09 10:05:39 - INFO  de.vv.stockstore.converter.DbConnect - Queries sent: 627200
2017-06-09 10:05:39 - INFO  de.vv.stockstore.converter.DbConnect - Queries sent: 628800
2017-06-09 10:05:39 - INFO  de.vv.stockstore.converter.DbConnect - Queries sent: 630400
2017-06-09 10:05:39 - INFO  de.vv.stockstore.converter.DbConnect - Queries sent: 632000
2017-06-09 10:05:39 - INFO  de.vv.stockstore.converter.DbConnect - Queries sent: 633600
2017-06-09 10:05:39 - INFO  de.vv.stockstore.converter.DbConnect - Queries sent: 635200
2017-06-09 10:05:39 - INFO  de.vv.stockstore.converter.DbConnect - Queries sent: 636800
2017-06-09 10:05:39 - INFO  de.vv.stockstore.converter.DbConnect - Queries sent: 638400
2017-06-09 10:05:40 - INFO  de.vv.stockstore.converter.DbConnect - Queries sent: 640000
2017-06-09 10:05:40 - INFO  de.vv.stockstore.converter.DbConnect - Queries sent: 641600
2017-06-09 10:05:40 - INFO  de.vv.stockstore.converter.DbConnect - Queries sent: 643200
2017-06-09 10:05:40 - INFO  de.vv.stockstore.converter.DbConnect - Queries sent: 644800
2017-06-09 10:05:40 - INFO  de.vv.stockstore.converter.DbConnect - Queries sent: 646400
2017-06-09 10:05:40 - INFO  de.vv.stockstore.converter.DbConnect - Queries sent: 648000
2017-06-09 10:05:40 - INFO  de.vv.stockstore.converter.DbConnect - Queries sent: 649600
2017-06-09 10:05:41 - INFO  de.vv.stockstore.converter.DbConnect - Queries sent: 651200
2017-06-09 10:05:41 - INFO  de.vv.stockstore.converter.DbConnect - Queries sent: 652800
2017-06-09 10:05:41 - INFO  de.vv.stockstore.converter.DbConnect - Queries sent: 654400
2017-06-09 10:05:41 - INFO  de.vv.stockstore.converter.DbConnect - Queries sent: 656000
2017-06-09 10:05:42 - INFO  de.vv.stockstore.converter.DbConnect - Queries sent: 657600
2017-06-09 10:05:42 - INFO  de.vv.stockstore.converter.DbConnect - Queries sent: 659200
2017-06-09 10:05:42 - INFO  de.vv.stockstore.converter.DbConnect - Queries sent: 660800
2017-06-09 10:05:42 - INFO  de.vv.stockstore.converter.DbConnect - Queries sent: 662400
2017-06-09 10:05:43 - INFO  de.vv.stockstore.converter.DbConnect - Queries sent: 664000
2017-06-09 10:05:43 - INFO  de.vv.stockstore.converter.DbConnect - Queries sent: 665600
2017-06-09 10:05:43 - INFO  de.vv.stockstore.converter.DbConnect - Queries sent: 667200
2017-06-09 10:05:43 - INFO  de.vv.stockstore.converter.DbConnect - Queries sent: 668800
2017-06-09 10:05:44 - INFO  de.vv.stockstore.converter.DbConnect - Queries sent: 670400
2017-06-09 10:05:44 - INFO  de.vv.stockstore.converter.DbConnect - Queries sent: 672000
2017-06-09 10:05:44 - INFO  de.vv.stockstore.converter.DbConnect - Queries sent: 673600
2017-06-09 10:05:44 - INFO  de.vv.stockstore.converter.DbConnect - Queries sent: 675200
2017-06-09 10:05:45 - INFO  de.vv.stockstore.converter.DbConnect - Queries sent: 676800
2017-06-09 10:05:45 - INFO  de.vv.stockstore.converter.DbConnect - Queries sent: 678400
2017-06-09 10:05:45 - INFO  de.vv.stockstore.converter.DbConnect - Queries sent: 680000
2017-06-09 10:05:46 - INFO  de.vv.stockstore.converter.DbConnect - Queries sent: 681600
2017-06-09 10:05:46 - INFO  de.vv.stockstore.converter.DbConnect - Queries sent: 683200
2017-06-09 10:05:46 - INFO  de.vv.stockstore.converter.DbConnect - Queries sent: 684800
2017-06-09 10:05:46 - INFO  de.vv.stockstore.converter.DbConnect - Queries sent: 686400
2017-06-09 10:05:46 - INFO  de.vv.stockstore.converter.DbConnect - Queries sent: 688000
2017-06-09 10:05:46 - INFO  de.vv.stockstore.converter.DbConnect - Queries sent: 689600
2017-06-09 10:05:46 - INFO  de.vv.stockstore.converter.DbConnect - Queries sent: 691200
2017-06-09 10:05:46 - INFO  de.vv.stockstore.converter.DbConnect - Queries sent: 692800
2017-06-09 10:05:47 - INFO  de.vv.stockstore.converter.DbConnect - Queries sent: 694400
2017-06-09 10:05:47 - INFO  de.vv.stockstore.converter.DbConnect - Queries sent: 696000
2017-06-09 10:05:47 - INFO  de.vv.stockstore.converter.DbConnect - Queries sent: 697600
2017-06-09 10:05:47 - INFO  de.vv.stockstore.converter.DbConnect - Queries sent: 699200
2017-06-09 10:05:47 - INFO  de.vv.stockstore.converter.DbConnect - Queries sent: 700800
2017-06-09 10:05:47 - INFO  de.vv.stockstore.converter.DbConnect - Queries sent: 702400
2017-06-09 10:05:47 - INFO  de.vv.stockstore.converter.DbConnect - Queries sent: 704000
2017-06-09 10:05:47 - INFO  de.vv.stockstore.converter.DbConnect - Queries sent: 705600
2017-06-09 10:05:48 - INFO  de.vv.stockstore.converter.DbConnect - Queries sent: 707200
2017-06-09 10:05:48 - INFO  de.vv.stockstore.converter.DbConnect - Queries sent: 708800
2017-06-09 10:05:48 - INFO  de.vv.stockstore.converter.DbConnect - Queries sent: 710400
2017-06-09 10:05:48 - INFO  de.vv.stockstore.converter.DbConnect - Queries sent: 712000
2017-06-09 10:05:48 - INFO  de.vv.stockstore.converter.DbConnect - Queries sent: 713600
2017-06-09 10:05:48 - INFO  de.vv.stockstore.converter.DbConnect - Queries sent: 715200
2017-06-09 10:05:48 - INFO  de.vv.stockstore.converter.DbConnect - Queries sent: 716800
2017-06-09 10:05:49 - INFO  de.vv.stockstore.converter.DbConnect - Queries sent: 718400
2017-06-09 10:05:49 - INFO  de.vv.stockstore.converter.DbConnect - Queries sent: 720000
2017-06-09 10:05:49 - INFO  de.vv.stockstore.converter.DbConnect - Queries sent: 721600
2017-06-09 10:05:49 - INFO  de.vv.stockstore.converter.DbConnect - Queries sent: 723200
2017-06-09 10:05:49 - INFO  de.vv.stockstore.converter.DbConnect - Queries sent: 724800
2017-06-09 10:05:49 - INFO  de.vv.stockstore.converter.DbConnect - Queries sent: 726400
2017-06-09 10:05:49 - INFO  de.vv.stockstore.converter.DbConnect - Queries sent: 728000
2017-06-09 10:05:49 - INFO  de.vv.stockstore.converter.DbConnect - Queries sent: 729600
2017-06-09 10:05:50 - INFO  de.vv.stockstore.converter.DbConnect - Queries sent: 731200
2017-06-09 10:05:50 - INFO  de.vv.stockstore.converter.DbConnect - Queries sent: 732800
2017-06-09 10:05:50 - INFO  de.vv.stockstore.converter.DbConnect - Queries sent: 734400
2017-06-09 10:05:50 - INFO  de.vv.stockstore.converter.DbConnect - Queries sent: 736000
2017-06-09 10:05:50 - INFO  de.vv.stockstore.converter.DbConnect - Queries sent: 737600
2017-06-09 10:05:50 - INFO  de.vv.stockstore.converter.DbConnect - Queries sent: 739200
2017-06-09 10:05:50 - INFO  de.vv.stockstore.converter.DbConnect - Queries sent: 740800
2017-06-09 10:05:51 - INFO  de.vv.stockstore.converter.DbConnect - Queries sent: 742400
2017-06-09 10:05:51 - INFO  de.vv.stockstore.converter.DbConnect - Queries sent: 744000
2017-06-09 10:05:51 - INFO  de.vv.stockstore.converter.DbConnect - Queries sent: 745600
2017-06-09 10:05:51 - INFO  de.vv.stockstore.converter.DbConnect - Queries sent: 747200
2017-06-09 10:05:51 - INFO  de.vv.stockstore.converter.DbConnect - Queries sent: 748800
2017-06-09 10:05:51 - INFO  de.vv.stockstore.converter.DbConnect - Queries sent: 750400
2017-06-09 10:05:51 - INFO  de.vv.stockstore.converter.DbConnect - Queries sent: 752000
2017-06-09 10:05:51 - INFO  de.vv.stockstore.converter.DbConnect - Queries sent: 753600
2017-06-09 10:05:52 - INFO  de.vv.stockstore.converter.DbConnect - Queries sent: 755200
2017-06-09 10:05:52 - INFO  de.vv.stockstore.converter.DbConnect - Queries sent: 756800
2017-06-09 10:05:52 - INFO  de.vv.stockstore.converter.DbConnect - Queries sent: 758400
2017-06-09 10:05:52 - INFO  de.vv.stockstore.converter.DbConnect - Queries sent: 760000
2017-06-09 10:05:52 - INFO  de.vv.stockstore.converter.DbConnect - Queries sent: 761600
2017-06-09 10:05:52 - INFO  de.vv.stockstore.converter.DbConnect - Queries sent: 763200
2017-06-09 10:05:52 - INFO  de.vv.stockstore.converter.DbConnect - Queries sent: 764800
2017-06-09 10:05:53 - INFO  de.vv.stockstore.converter.DbConnect - Queries sent: 766400
2017-06-09 10:05:53 - INFO  de.vv.stockstore.converter.DbConnect - Queries sent: 768000
2017-06-09 10:05:53 - INFO  de.vv.stockstore.converter.DbConnect - Queries sent: 769600
2017-06-09 10:05:53 - INFO  de.vv.stockstore.converter.DbConnect - Queries sent: 771200
2017-06-09 10:05:53 - INFO  de.vv.stockstore.converter.DbConnect - Queries sent: 772800
2017-06-09 10:05:53 - INFO  de.vv.stockstore.converter.DbConnect - Queries sent: 774400
2017-06-09 10:05:53 - INFO  de.vv.stockstore.converter.DbConnect - Queries sent: 776000
2017-06-09 10:05:53 - INFO  de.vv.stockstore.converter.DbConnect - Queries sent: 777600
2017-06-09 10:05:53 - INFO  de.vv.stockstore.converter.DbConnect - Queries sent: 779200
2017-06-09 10:05:54 - INFO  de.vv.stockstore.converter.DbConnect - Queries sent: 780800
2017-06-09 10:05:54 - INFO  de.vv.stockstore.converter.DbConnect - Queries sent: 782400
2017-06-09 10:05:54 - INFO  de.vv.stockstore.converter.DbConnect - Queries sent: 784000
2017-06-09 10:05:54 - INFO  de.vv.stockstore.converter.DbConnect - Queries sent: 785600
2017-06-09 10:05:54 - INFO  de.vv.stockstore.converter.DbConnect - Queries sent: 787200
2017-06-09 10:05:54 - INFO  de.vv.stockstore.converter.DbConnect - Queries sent: 788800
2017-06-09 10:05:54 - INFO  de.vv.stockstore.converter.DbConnect - Queries sent: 790400
2017-06-09 10:05:55 - INFO  de.vv.stockstore.converter.DbConnect - Queries sent: 792000
2017-06-09 10:05:55 - INFO  de.vv.stockstore.converter.DbConnect - Queries sent: 793600
2017-06-09 10:05:55 - INFO  de.vv.stockstore.converter.DbConnect - Queries sent: 795200
2017-06-09 10:05:55 - INFO  de.vv.stockstore.converter.DbConnect - Queries sent: 796800
2017-06-09 10:05:55 - INFO  de.vv.stockstore.converter.DbConnect - Queries sent: 798400
2017-06-09 10:05:55 - INFO  de.vv.stockstore.converter.DbConnect - Queries sent: 800000
2017-06-09 10:05:55 - INFO  de.vv.stockstore.converter.DbConnect - Queries sent: 801600
2017-06-09 10:05:56 - INFO  de.vv.stockstore.converter.DbConnect - Queries sent: 803200
2017-06-09 10:05:56 - INFO  de.vv.stockstore.converter.DbConnect - Queries sent: 804800
2017-06-09 10:05:56 - INFO  de.vv.stockstore.converter.DbConnect - Queries sent: 806400
2017-06-09 10:05:56 - INFO  de.vv.stockstore.converter.DbConnect - Queries sent: 808000
2017-06-09 10:05:56 - INFO  de.vv.stockstore.converter.DbConnect - Queries sent: 809600
2017-06-09 10:05:56 - INFO  de.vv.stockstore.converter.DbConnect - Queries sent: 811200
2017-06-09 10:05:56 - INFO  de.vv.stockstore.converter.DbConnect - Queries sent: 812800
2017-06-09 10:05:56 - INFO  de.vv.stockstore.converter.DbConnect - Queries sent: 814400
2017-06-09 10:05:57 - INFO  de.vv.stockstore.converter.DbConnect - Queries sent: 816000
2017-06-09 10:05:57 - INFO  de.vv.stockstore.converter.DbConnect - Queries sent: 817600
2017-06-09 10:05:57 - INFO  de.vv.stockstore.converter.DbConnect - Queries sent: 819200
2017-06-09 10:05:57 - INFO  de.vv.stockstore.converter.DbConnect - Queries sent: 820800
2017-06-09 10:05:57 - INFO  de.vv.stockstore.converter.DbConnect - Queries sent: 822400
2017-06-09 10:05:57 - INFO  de.vv.stockstore.converter.DbConnect - Queries sent: 824000
2017-06-09 10:05:57 - INFO  de.vv.stockstore.converter.DbConnect - Queries sent: 825600
2017-06-09 10:05:58 - INFO  de.vv.stockstore.converter.DbConnect - Queries sent: 827200
2017-06-09 10:05:58 - INFO  de.vv.stockstore.converter.DbConnect - Queries sent: 828800
2017-06-09 10:05:58 - INFO  de.vv.stockstore.converter.DbConnect - Queries sent: 830400
2017-06-09 10:05:58 - INFO  de.vv.stockstore.converter.DbConnect - Queries sent: 832000
2017-06-09 10:05:58 - INFO  de.vv.stockstore.converter.DbConnect - Queries sent: 833600
2017-06-09 10:05:58 - INFO  de.vv.stockstore.converter.DbConnect - Queries sent: 835200
2017-06-09 10:05:58 - INFO  de.vv.stockstore.converter.DbConnect - Queries sent: 836800
2017-06-09 10:05:59 - INFO  de.vv.stockstore.converter.DbConnect - Queries sent: 838400
2017-06-09 10:05:59 - INFO  de.vv.stockstore.converter.DbConnect - Queries sent: 840000
2017-06-09 10:05:59 - INFO  de.vv.stockstore.converter.DbConnect - Queries sent: 841600
2017-06-09 10:05:59 - INFO  de.vv.stockstore.converter.DbConnect - Queries sent: 843200
2017-06-09 10:05:59 - INFO  de.vv.stockstore.converter.DbConnect - Queries sent: 844800
2017-06-09 10:05:59 - INFO  de.vv.stockstore.converter.DbConnect - Queries sent: 846400
2017-06-09 10:05:59 - INFO  de.vv.stockstore.converter.DbConnect - Queries sent: 848000
2017-06-09 10:06:00 - INFO  de.vv.stockstore.converter.DbConnect - Queries sent: 849600
2017-06-09 10:06:00 - INFO  de.vv.stockstore.converter.DbConnect - Queries sent: 851200
2017-06-09 10:06:00 - INFO  de.vv.stockstore.converter.DbConnect - Queries sent: 852800
2017-06-09 10:06:00 - INFO  de.vv.stockstore.converter.DbConnect - Queries sent: 854400
2017-06-09 10:06:00 - INFO  de.vv.stockstore.converter.DbConnect - Queries sent: 856000
2017-06-09 10:06:00 - INFO  de.vv.stockstore.converter.DbConnect - Queries sent: 857600
2017-06-09 10:06:00 - INFO  de.vv.stockstore.converter.DbConnect - Queries sent: 859200
2017-06-09 10:06:01 - INFO  de.vv.stockstore.converter.DbConnect - Queries sent: 860800
2017-06-09 10:06:01 - INFO  de.vv.stockstore.converter.DbConnect - Queries sent: 862400
2017-06-09 10:06:01 - INFO  de.vv.stockstore.converter.DbConnect - Queries sent: 864000
2017-06-09 10:06:01 - INFO  de.vv.stockstore.converter.DbConnect - Queries sent: 865600
2017-06-09 10:06:01 - INFO  de.vv.stockstore.converter.DbConnect - Queries sent: 867200
2017-06-09 10:06:01 - INFO  de.vv.stockstore.converter.DbConnect - Queries sent: 868800
2017-06-09 10:06:01 - INFO  de.vv.stockstore.converter.DbConnect - Queries sent: 870400
2017-06-09 10:06:01 - INFO  de.vv.stockstore.converter.DbConnect - Queries sent: 872000
2017-06-09 10:06:02 - INFO  de.vv.stockstore.converter.DbConnect - Queries sent: 873600
2017-06-09 10:06:02 - INFO  de.vv.stockstore.converter.DbConnect - Queries sent: 875200
2017-06-09 10:06:02 - INFO  de.vv.stockstore.converter.DbConnect - Queries sent: 876800
2017-06-09 10:06:02 - INFO  de.vv.stockstore.converter.DbConnect - Queries sent: 878400
2017-06-09 10:06:02 - INFO  de.vv.stockstore.converter.DbConnect - Queries sent: 880000
2017-06-09 10:06:02 - INFO  de.vv.stockstore.converter.DbConnect - Queries sent: 881600
2017-06-09 10:06:02 - INFO  de.vv.stockstore.converter.DbConnect - Queries sent: 883200
2017-06-09 10:06:02 - INFO  de.vv.stockstore.converter.DbConnect - Queries sent: 884800
2017-06-09 10:06:03 - INFO  de.vv.stockstore.converter.DbConnect - Queries sent: 886400
2017-06-09 10:06:03 - INFO  de.vv.stockstore.converter.DbConnect - Queries sent: 888000
2017-06-09 10:06:03 - INFO  de.vv.stockstore.converter.DbConnect - Queries sent: 889600
2017-06-09 10:06:03 - INFO  de.vv.stockstore.converter.DbConnect - Queries sent: 891200
2017-06-09 10:06:03 - INFO  de.vv.stockstore.converter.DbConnect - Queries sent: 892800
2017-06-09 10:06:03 - INFO  de.vv.stockstore.converter.DbConnect - Queries sent: 894400
2017-06-09 10:06:03 - INFO  de.vv.stockstore.converter.DbConnect - Queries sent: 896000
2017-06-09 10:06:04 - INFO  de.vv.stockstore.converter.DbConnect - Queries sent: 897600
2017-06-09 10:06:04 - INFO  de.vv.stockstore.converter.DbConnect - Queries sent: 899200
2017-06-09 10:06:04 - INFO  de.vv.stockstore.converter.DbConnect - Queries sent: 900800
2017-06-09 10:06:04 - INFO  de.vv.stockstore.converter.DbConnect - Queries sent: 902400
2017-06-09 10:06:04 - INFO  de.vv.stockstore.converter.DbConnect - Queries sent: 904000
2017-06-09 10:06:04 - INFO  de.vv.stockstore.converter.DbConnect - Queries sent: 905600
2017-06-09 10:06:04 - INFO  de.vv.stockstore.converter.DbConnect - Queries sent: 907200
2017-06-09 10:06:04 - INFO  de.vv.stockstore.converter.DbConnect - Queries sent: 908800
2017-06-09 10:06:05 - INFO  de.vv.stockstore.converter.DbConnect - Queries sent: 910400
2017-06-09 10:06:05 - INFO  de.vv.stockstore.converter.DbConnect - Queries sent: 912000
2017-06-09 10:06:05 - INFO  de.vv.stockstore.converter.DbConnect - Queries sent: 913600
2017-06-09 10:06:05 - INFO  de.vv.stockstore.converter.DbConnect - Queries sent: 915200
2017-06-09 10:06:05 - INFO  de.vv.stockstore.converter.DbConnect - Queries sent: 916800
2017-06-09 10:06:05 - INFO  de.vv.stockstore.converter.DbConnect - Queries sent: 918400
2017-06-09 10:06:06 - INFO  de.vv.stockstore.converter.DbConnect - Queries sent: 920000
2017-06-09 10:06:06 - INFO  de.vv.stockstore.converter.DbConnect - Queries sent: 921600
2017-06-09 10:06:06 - INFO  de.vv.stockstore.converter.DbConnect - Queries sent: 923200
2017-06-09 10:06:06 - INFO  de.vv.stockstore.converter.DbConnect - Queries sent: 924800
2017-06-09 10:06:06 - INFO  de.vv.stockstore.converter.DbConnect - Queries sent: 926400
2017-06-09 10:06:06 - INFO  de.vv.stockstore.converter.DbConnect - Queries sent: 928000
2017-06-09 10:06:06 - INFO  de.vv.stockstore.converter.DbConnect - Queries sent: 929600
2017-06-09 10:06:06 - INFO  de.vv.stockstore.converter.DbConnect - Queries sent: 931200
2017-06-09 10:06:07 - INFO  de.vv.stockstore.converter.DbConnect - Queries sent: 932800
2017-06-09 10:06:07 - INFO  de.vv.stockstore.converter.DbConnect - Queries sent: 934400
2017-06-09 10:06:07 - INFO  de.vv.stockstore.converter.DbConnect - Queries sent: 936000
2017-06-09 10:06:07 - INFO  de.vv.stockstore.converter.DbConnect - Queries sent: 937600
2017-06-09 10:06:07 - INFO  de.vv.stockstore.converter.DbConnect - Queries sent: 939200
2017-06-09 10:06:07 - INFO  de.vv.stockstore.converter.DbConnect - Queries sent: 940800
2017-06-09 10:06:07 - INFO  de.vv.stockstore.converter.DbConnect - Queries sent: 942400
2017-06-09 10:06:07 - INFO  de.vv.stockstore.converter.DbConnect - Queries sent: 944000
2017-06-09 10:06:08 - INFO  de.vv.stockstore.converter.DbConnect - Queries sent: 945600
2017-06-09 10:06:08 - INFO  de.vv.stockstore.converter.DbConnect - Queries sent: 947200
2017-06-09 10:06:08 - INFO  de.vv.stockstore.converter.DbConnect - Queries sent: 948800
2017-06-09 10:06:08 - INFO  de.vv.stockstore.converter.DbConnect - Queries sent: 950400
2017-06-09 10:06:08 - INFO  de.vv.stockstore.converter.DbConnect - Queries sent: 952000
2017-06-09 10:06:08 - INFO  de.vv.stockstore.converter.DbConnect - Queries sent: 953600
2017-06-09 10:06:08 - INFO  de.vv.stockstore.converter.DbConnect - Queries sent: 955200
2017-06-09 10:06:08 - INFO  de.vv.stockstore.converter.DbConnect - Queries sent: 956800
2017-06-09 10:06:09 - INFO  de.vv.stockstore.converter.DbConnect - Queries sent: 958400
2017-06-09 10:06:09 - INFO  de.vv.stockstore.converter.DbConnect - Queries sent: 960000
2017-06-09 10:06:09 - INFO  de.vv.stockstore.converter.DbConnect - Queries sent: 961600
2017-06-09 10:06:09 - INFO  de.vv.stockstore.converter.DbConnect - Queries sent: 963200
2017-06-09 10:06:09 - INFO  de.vv.stockstore.converter.DbConnect - Queries sent: 964800
2017-06-09 10:06:09 - INFO  de.vv.stockstore.converter.DbConnect - Queries sent: 966400
2017-06-09 10:06:09 - INFO  de.vv.stockstore.converter.DbConnect - Queries sent: 968000
2017-06-09 10:06:10 - INFO  de.vv.stockstore.converter.DbConnect - Queries sent: 969600
2017-06-09 10:06:10 - INFO  de.vv.stockstore.converter.DbConnect - Queries sent: 971200
2017-06-09 10:06:10 - INFO  de.vv.stockstore.converter.DbConnect - Queries sent: 972800
2017-06-09 10:06:10 - INFO  de.vv.stockstore.converter.DbConnect - Queries sent: 974400
2017-06-09 10:06:10 - INFO  de.vv.stockstore.converter.DbConnect - Queries sent: 976000
2017-06-09 10:06:10 - INFO  de.vv.stockstore.converter.DbConnect - Queries sent: 977600
2017-06-09 10:06:11 - INFO  de.vv.stockstore.converter.DbConnect - Queries sent: 979200
2017-06-09 10:06:11 - INFO  de.vv.stockstore.converter.DbConnect - Queries sent: 980800
2017-06-09 10:06:11 - INFO  de.vv.stockstore.converter.DbConnect - Queries sent: 982400
2017-06-09 10:06:11 - INFO  de.vv.stockstore.converter.DbConnect - Queries sent: 984000
2017-06-09 10:06:11 - INFO  de.vv.stockstore.converter.DbConnect - Queries sent: 985600
2017-06-09 10:06:11 - INFO  de.vv.stockstore.converter.DbConnect - Queries sent: 987200
2017-06-09 10:06:11 - INFO  de.vv.stockstore.converter.DbConnect - Queries sent: 988800
2017-06-09 10:06:12 - INFO  de.vv.stockstore.converter.DbConnect - Queries sent: 990400
2017-06-09 10:06:12 - INFO  de.vv.stockstore.converter.DbConnect - Queries sent: 992000
2017-06-09 10:06:12 - INFO  de.vv.stockstore.converter.DbConnect - Queries sent: 993600
2017-06-09 10:06:12 - INFO  de.vv.stockstore.converter.DbConnect - Queries sent: 995200
2017-06-09 10:06:12 - INFO  de.vv.stockstore.converter.DbConnect - Queries sent: 996800
2017-06-09 10:06:12 - INFO  de.vv.stockstore.converter.DbConnect - Queries sent: 998400
2017-06-09 10:06:12 - INFO  de.vv.stockstore.converter.DbConnect - Queries sent: 1000000
2017-06-09 10:06:12 - INFO  de.vv.stockstore.converter.DbConnect - Queries sent: 1001600
2017-06-09 10:06:13 - INFO  de.vv.stockstore.converter.DbConnect - Queries sent: 1003200
2017-06-09 10:06:13 - INFO  de.vv.stockstore.converter.DbConnect - Queries sent: 1004800
2017-06-09 10:06:13 - INFO  de.vv.stockstore.converter.DbConnect - Queries sent: 1006400
2017-06-09 10:06:13 - INFO  de.vv.stockstore.converter.DbConnect - Queries sent: 1008000
2017-06-09 10:06:13 - INFO  de.vv.stockstore.converter.DbConnect - Queries sent: 1009600
2017-06-09 10:06:13 - INFO  de.vv.stockstore.converter.DbConnect - Queries sent: 1011200
2017-06-09 10:06:13 - INFO  de.vv.stockstore.converter.DbConnect - Queries sent: 1012800
2017-06-09 10:06:13 - INFO  de.vv.stockstore.converter.DbConnect - Queries sent: 1014400
2017-06-09 10:06:14 - INFO  de.vv.stockstore.converter.DbConnect - Queries sent: 1016000
2017-06-09 10:06:14 - INFO  de.vv.stockstore.converter.DbConnect - Queries sent: 1017600
2017-06-09 10:06:14 - INFO  de.vv.stockstore.converter.DbConnect - Queries sent: 1019200
2017-06-09 10:06:14 - INFO  de.vv.stockstore.converter.DbConnect - Queries sent: 1020800
2017-06-09 10:06:14 - INFO  de.vv.stockstore.converter.DbConnect - Queries sent: 1022400
2017-06-09 10:06:14 - INFO  de.vv.stockstore.converter.DbConnect - Queries sent: 1024000
2017-06-09 10:06:15 - INFO  de.vv.stockstore.converter.DbConnect - Queries sent: 1025600
2017-06-09 10:06:15 - INFO  de.vv.stockstore.converter.DbConnect - Queries sent: 1027200
2017-06-09 10:06:15 - INFO  de.vv.stockstore.converter.DbConnect - Queries sent: 1028800
2017-06-09 10:06:15 - INFO  de.vv.stockstore.converter.DbConnect - Queries sent: 1030400
2017-06-09 10:06:15 - INFO  de.vv.stockstore.converter.DbConnect - Queries sent: 1032000
2017-06-09 10:06:15 - INFO  de.vv.stockstore.converter.DbConnect - Queries sent: 1033600
2017-06-09 10:06:16 - INFO  de.vv.stockstore.converter.DbConnect - Queries sent: 1035200
2017-06-09 10:06:16 - INFO  de.vv.stockstore.converter.DbConnect - Queries sent: 1036800
2017-06-09 10:06:16 - INFO  de.vv.stockstore.converter.DbConnect - Queries sent: 1038400
2017-06-09 10:06:16 - INFO  de.vv.stockstore.converter.DbConnect - Queries sent: 1040000
2017-06-09 10:06:16 - INFO  de.vv.stockstore.converter.DbConnect - Queries sent: 1041600
2017-06-09 10:06:16 - INFO  de.vv.stockstore.converter.DbConnect - Queries sent: 1043200
2017-06-09 10:06:16 - INFO  de.vv.stockstore.converter.DbConnect - Queries sent: 1044800
2017-06-09 10:06:16 - INFO  de.vv.stockstore.converter.DbConnect - Queries sent: 1046400
2017-06-09 10:06:17 - INFO  de.vv.stockstore.converter.DbConnect - Queries sent: 1048000
2017-06-09 10:06:17 - INFO  de.vv.stockstore.converter.DbConnect - Queries sent: 1049600
2017-06-09 10:06:17 - INFO  de.vv.stockstore.converter.DbConnect - Queries sent: 1051200
2017-06-09 10:06:17 - INFO  de.vv.stockstore.converter.DbConnect - Queries sent: 1052800
2017-06-09 10:06:17 - INFO  de.vv.stockstore.converter.DbConnect - Queries sent: 1054400
2017-06-09 10:06:17 - INFO  de.vv.stockstore.converter.DbConnect - Queries sent: 1056000
2017-06-09 10:06:17 - INFO  de.vv.stockstore.converter.DbConnect - Queries sent: 1057600
2017-06-09 10:06:18 - INFO  de.vv.stockstore.converter.DbConnect - Queries sent: 1059200
2017-06-09 10:06:18 - INFO  de.vv.stockstore.converter.DbConnect - Queries sent: 1060800
2017-06-09 10:06:18 - INFO  de.vv.stockstore.converter.DbConnect - Queries sent: 1062400
2017-06-09 10:06:18 - INFO  de.vv.stockstore.converter.DbConnect - Queries sent: 1064000
2017-06-09 10:06:18 - INFO  de.vv.stockstore.converter.DbConnect - Queries sent: 1065600
2017-06-09 10:06:18 - INFO  de.vv.stockstore.converter.DbConnect - Queries sent: 1067200
2017-06-09 10:06:18 - INFO  de.vv.stockstore.converter.DbConnect - Queries sent: 1068800
2017-06-09 10:06:18 - INFO  de.vv.stockstore.converter.DbConnect - Queries sent: 1070400
2017-06-09 10:06:19 - INFO  de.vv.stockstore.converter.DbConnect - Queries sent: 1072000
2017-06-09 10:06:19 - INFO  de.vv.stockstore.converter.DbConnect - Queries sent: 1073600
2017-06-09 10:06:19 - INFO  de.vv.stockstore.converter.DbConnect - Queries sent: 1075200
2017-06-09 10:06:19 - INFO  de.vv.stockstore.converter.DbConnect - Queries sent: 1076800
2017-06-09 10:06:19 - INFO  de.vv.stockstore.converter.DbConnect - Queries sent: 1078400
2017-06-09 10:06:19 - INFO  de.vv.stockstore.converter.DbConnect - Queries sent: 1080000
2017-06-09 10:06:19 - INFO  de.vv.stockstore.converter.DbConnect - Queries sent: 1081600
2017-06-09 10:06:19 - INFO  de.vv.stockstore.converter.DbConnect - Queries sent: 1083200
2017-06-09 10:06:20 - INFO  de.vv.stockstore.converter.DbConnect - Queries sent: 1084800
2017-06-09 10:06:20 - INFO  de.vv.stockstore.converter.DbConnect - Queries sent: 1086400
2017-06-09 10:06:20 - INFO  de.vv.stockstore.converter.DbConnect - Queries sent: 1088000
2017-06-09 10:06:20 - INFO  de.vv.stockstore.converter.DbConnect - Queries sent: 1089600
2017-06-09 10:06:20 - INFO  de.vv.stockstore.converter.DbConnect - Queries sent: 1091200
2017-06-09 10:06:20 - INFO  de.vv.stockstore.converter.DbConnect - Queries sent: 1092800
2017-06-09 10:06:21 - INFO  de.vv.stockstore.converter.DbConnect - Queries sent: 1094400
2017-06-09 10:06:21 - INFO  de.vv.stockstore.converter.DbConnect - Queries sent: 1096000
2017-06-09 10:06:21 - INFO  de.vv.stockstore.converter.DbConnect - Queries sent: 1097600
2017-06-09 10:06:21 - INFO  de.vv.stockstore.converter.DbConnect - Queries sent: 1099200
2017-06-09 10:06:21 - INFO  de.vv.stockstore.converter.DbConnect - Queries sent: 1100800
2017-06-09 10:06:21 - INFO  de.vv.stockstore.converter.DbConnect - Queries sent: 1102400
2017-06-09 10:06:21 - INFO  de.vv.stockstore.converter.DbConnect - Queries sent: 1104000
2017-06-09 10:06:22 - INFO  de.vv.stockstore.converter.DbConnect - Queries sent: 1105600
2017-06-09 10:06:22 - INFO  de.vv.stockstore.converter.DbConnect - Queries sent: 1107200
2017-06-09 10:06:22 - INFO  de.vv.stockstore.converter.DbConnect - Queries sent: 1108800
2017-06-09 10:06:22 - INFO  de.vv.stockstore.converter.DbConnect - Queries sent: 1110400
2017-06-09 10:06:22 - INFO  de.vv.stockstore.converter.DbConnect - Queries sent: 1112000
2017-06-09 10:06:22 - INFO  de.vv.stockstore.converter.DbConnect - Queries sent: 1113600
2017-06-09 10:06:22 - INFO  de.vv.stockstore.converter.DbConnect - Queries sent: 1115200
2017-06-09 10:06:22 - INFO  de.vv.stockstore.converter.DbConnect - Queries sent: 1116800
2017-06-09 10:06:23 - INFO  de.vv.stockstore.converter.DbConnect - Queries sent: 1118400
2017-06-09 10:06:23 - INFO  de.vv.stockstore.converter.DbConnect - Queries sent: 1120000
2017-06-09 10:06:23 - INFO  de.vv.stockstore.converter.DbConnect - Queries sent: 1121600
2017-06-09 10:06:23 - INFO  de.vv.stockstore.converter.DbConnect - Queries sent: 1123200
2017-06-09 10:06:23 - INFO  de.vv.stockstore.converter.DbConnect - Queries sent: 1124800
2017-06-09 10:06:23 - INFO  de.vv.stockstore.converter.DbConnect - Queries sent: 1126400
2017-06-09 10:06:23 - INFO  de.vv.stockstore.converter.DbConnect - Queries sent: 1128000
2017-06-09 10:06:23 - INFO  de.vv.stockstore.converter.DbConnect - Queries sent: 1129600
2017-06-09 10:06:24 - INFO  de.vv.stockstore.converter.DbConnect - Queries sent: 1131200
2017-06-09 10:06:24 - INFO  de.vv.stockstore.converter.DbConnect - Queries sent: 1132800
2017-06-09 10:06:24 - INFO  de.vv.stockstore.converter.DbConnect - Queries sent: 1134400
2017-06-09 10:06:24 - INFO  de.vv.stockstore.converter.DbConnect - Queries sent: 1136000
2017-06-09 10:06:24 - INFO  de.vv.stockstore.converter.DbConnect - Queries sent: 1137600
2017-06-09 10:06:24 - INFO  de.vv.stockstore.converter.DbConnect - Queries sent: 1139200
2017-06-09 10:06:24 - INFO  de.vv.stockstore.converter.DbConnect - Queries sent: 1140800
2017-06-09 10:06:24 - INFO  de.vv.stockstore.converter.DbConnect - Queries sent: 1142400
2017-06-09 10:06:25 - INFO  de.vv.stockstore.converter.DbConnect - Queries sent: 1144000
2017-06-09 10:06:25 - INFO  de.vv.stockstore.converter.DbConnect - Queries sent: 1145600
2017-06-09 10:06:25 - INFO  de.vv.stockstore.converter.DbConnect - Queries sent: 1147200
2017-06-09 10:06:25 - INFO  de.vv.stockstore.converter.DbConnect - Queries sent: 1148800
2017-06-09 10:06:25 - INFO  de.vv.stockstore.converter.DbConnect - Queries sent: 1150400
2017-06-09 10:06:25 - INFO  de.vv.stockstore.converter.DbConnect - Queries sent: 1152000
2017-06-09 10:06:26 - INFO  de.vv.stockstore.converter.DbConnect - Queries sent: 1153600
2017-06-09 10:06:26 - INFO  de.vv.stockstore.converter.DbConnect - Queries sent: 1155200
2017-06-09 10:06:26 - INFO  de.vv.stockstore.converter.DbConnect - Queries sent: 1156800
2017-06-09 10:06:26 - INFO  de.vv.stockstore.converter.DbConnect - Queries sent: 1158400
2017-06-09 10:06:26 - INFO  de.vv.stockstore.converter.DbConnect - Queries sent: 1160000
2017-06-09 10:06:26 - INFO  de.vv.stockstore.converter.DbConnect - Queries sent: 1161600
2017-06-09 10:06:26 - INFO  de.vv.stockstore.converter.DbConnect - Queries sent: 1163200
2017-06-09 10:06:26 - INFO  de.vv.stockstore.converter.DbConnect - Queries sent: 1164800
2017-06-09 10:06:27 - INFO  de.vv.stockstore.converter.DbConnect - Queries sent: 1166400
2017-06-09 10:06:27 - INFO  de.vv.stockstore.converter.DbConnect - Queries sent: 1168000
2017-06-09 10:06:27 - INFO  de.vv.stockstore.converter.DbConnect - Queries sent: 1169600
2017-06-09 10:06:27 - INFO  de.vv.stockstore.converter.DbConnect - Queries sent: 1171200
2017-06-09 10:06:27 - INFO  de.vv.stockstore.converter.DbConnect - Queries sent: 1172800
2017-06-09 10:06:27 - INFO  de.vv.stockstore.converter.DbConnect - Queries sent: 1174400
2017-06-09 10:06:27 - INFO  de.vv.stockstore.converter.DbConnect - Queries sent: 1176000
2017-06-09 10:06:27 - INFO  de.vv.stockstore.converter.DbConnect - Queries sent: 1177600
2017-06-09 10:06:28 - INFO  de.vv.stockstore.converter.DbConnect - Queries sent: 1179200
2017-06-09 10:06:28 - INFO  de.vv.stockstore.converter.DbConnect - Queries sent: 1180800
2017-06-09 10:06:28 - INFO  de.vv.stockstore.converter.DbConnect - Queries sent: 1182400
2017-06-09 10:06:28 - INFO  de.vv.stockstore.converter.DbConnect - Queries sent: 1184000
2017-06-09 10:06:28 - INFO  de.vv.stockstore.converter.DbConnect - Queries sent: 1185600
2017-06-09 10:06:28 - INFO  de.vv.stockstore.converter.DbConnect - Queries sent: 1187200
2017-06-09 10:06:28 - INFO  de.vv.stockstore.converter.DbConnect - Queries sent: 1188800
2017-06-09 10:06:28 - INFO  de.vv.stockstore.converter.DbConnect - Queries sent: 1190400
2017-06-09 10:06:29 - INFO  de.vv.stockstore.converter.DbConnect - Queries sent: 1192000
2017-06-09 10:06:29 - INFO  de.vv.stockstore.converter.DbConnect - Queries sent: 1193600
2017-06-09 10:06:29 - INFO  de.vv.stockstore.converter.DbConnect - Queries sent: 1195200
2017-06-09 10:06:29 - INFO  de.vv.stockstore.converter.DbConnect - Queries sent: 1196800
2017-06-09 10:06:29 - INFO  de.vv.stockstore.converter.DbConnect - Queries sent: 1198400
2017-06-09 10:06:29 - INFO  de.vv.stockstore.converter.DbConnect - Queries sent: 1200000
2017-06-09 10:06:29 - INFO  de.vv.stockstore.converter.DbConnect - Queries sent: 1201600
2017-06-09 10:06:30 - INFO  de.vv.stockstore.converter.DbConnect - Queries sent: 1203200
2017-06-09 10:06:30 - INFO  de.vv.stockstore.converter.DbConnect - Queries sent: 1204800
2017-06-09 10:06:30 - INFO  de.vv.stockstore.converter.DbConnect - Queries sent: 1206400
2017-06-09 10:06:30 - INFO  de.vv.stockstore.converter.DbConnect - Queries sent: 1208000
2017-06-09 10:06:30 - INFO  de.vv.stockstore.converter.DbConnect - Queries sent: 1209600
2017-06-09 10:06:31 - INFO  de.vv.stockstore.converter.DbConnect - Queries sent: 1211200
2017-06-09 10:06:31 - INFO  de.vv.stockstore.converter.DbConnect - Queries sent: 1212800
2017-06-09 10:06:31 - INFO  de.vv.stockstore.converter.DbConnect - Queries sent: 1214400
2017-06-09 10:06:31 - INFO  de.vv.stockstore.converter.DbConnect - Queries sent: 1216000
2017-06-09 10:06:31 - INFO  de.vv.stockstore.converter.DbConnect - Queries sent: 1217600
2017-06-09 10:06:31 - INFO  de.vv.stockstore.converter.DbConnect - Queries sent: 1219200
2017-06-09 10:06:31 - INFO  de.vv.stockstore.converter.DbConnect - Queries sent: 1220800
2017-06-09 10:06:32 - INFO  de.vv.stockstore.converter.DbConnect - Queries sent: 1222400
2017-06-09 10:06:32 - INFO  de.vv.stockstore.converter.DbConnect - Queries sent: 1224000
2017-06-09 10:06:32 - INFO  de.vv.stockstore.converter.DbConnect - Queries sent: 1225600
2017-06-09 10:06:32 - INFO  de.vv.stockstore.converter.DbConnect - Queries sent: 1227200
2017-06-09 10:06:32 - INFO  de.vv.stockstore.converter.DbConnect - Queries sent: 1228800
2017-06-09 10:06:32 - INFO  de.vv.stockstore.converter.DbConnect - Queries sent: 1230400
2017-06-09 10:06:33 - INFO  de.vv.stockstore.converter.DbConnect - Queries sent: 1232000
2017-06-09 10:06:33 - INFO  de.vv.stockstore.converter.DbConnect - Queries sent: 1233600
2017-06-09 10:06:33 - INFO  de.vv.stockstore.converter.DbConnect - Queries sent: 1235200
2017-06-09 10:06:33 - INFO  de.vv.stockstore.converter.DbConnect - Queries sent: 1236800
2017-06-09 10:06:33 - INFO  de.vv.stockstore.converter.DbConnect - Queries sent: 1238400
2017-06-09 10:06:33 - INFO  de.vv.stockstore.converter.DbConnect - Queries sent: 1240000
2017-06-09 10:06:33 - INFO  de.vv.stockstore.converter.DbConnect - Queries sent: 1241600
2017-06-09 10:06:34 - INFO  de.vv.stockstore.converter.DbConnect - Queries sent: 1243200
2017-06-09 10:06:34 - INFO  de.vv.stockstore.converter.DbConnect - Queries sent: 1244800
2017-06-09 10:06:34 - INFO  de.vv.stockstore.converter.DbConnect - Queries sent: 1246400
2017-06-09 10:06:34 - INFO  de.vv.stockstore.converter.DbConnect - Queries sent: 1248000
2017-06-09 10:06:34 - INFO  de.vv.stockstore.converter.DbConnect - Queries sent: 1249600
2017-06-09 10:06:34 - INFO  de.vv.stockstore.converter.DbConnect - Queries sent: 1251200
2017-06-09 10:06:34 - INFO  de.vv.stockstore.converter.DbConnect - Queries sent: 1252800
2017-06-09 10:06:34 - INFO  de.vv.stockstore.converter.DbConnect - Queries sent: 1254400
2017-06-09 10:06:35 - INFO  de.vv.stockstore.converter.DbConnect - Queries sent: 1256000
2017-06-09 10:06:35 - INFO  de.vv.stockstore.converter.DbConnect - Queries sent: 1257600
2017-06-09 10:06:35 - INFO  de.vv.stockstore.converter.DbConnect - Queries sent: 1259200
2017-06-09 10:06:35 - INFO  de.vv.stockstore.converter.DbConnect - Queries sent: 1260800
2017-06-09 10:06:35 - INFO  de.vv.stockstore.converter.DbConnect - Queries sent: 1262400
2017-06-09 10:06:35 - INFO  de.vv.stockstore.converter.DbConnect - Queries sent: 1264000
2017-06-09 10:06:35 - INFO  de.vv.stockstore.converter.DbConnect - Queries sent: 1265600
2017-06-09 10:06:36 - INFO  de.vv.stockstore.converter.DbConnect - Queries sent: 1267200
2017-06-09 10:06:36 - INFO  de.vv.stockstore.converter.DbConnect - Queries sent: 1268800
2017-06-09 10:06:36 - INFO  de.vv.stockstore.converter.DbConnect - Queries sent: 1270400
2017-06-09 10:06:36 - INFO  de.vv.stockstore.converter.DbConnect - Queries sent: 1272000
2017-06-09 10:06:36 - INFO  de.vv.stockstore.converter.DbConnect - Queries sent: 1273600
2017-06-09 10:06:36 - INFO  de.vv.stockstore.converter.DbConnect - Queries sent: 1275200
2017-06-09 10:06:36 - INFO  de.vv.stockstore.converter.DbConnect - Queries sent: 1276800
2017-06-09 10:06:36 - INFO  de.vv.stockstore.converter.DbConnect - Queries sent: 1278400
2017-06-09 10:06:37 - INFO  de.vv.stockstore.converter.DbConnect - Queries sent: 1280000
2017-06-09 10:06:37 - INFO  de.vv.stockstore.converter.DbConnect - Queries sent: 1281600
2017-06-09 10:06:37 - INFO  de.vv.stockstore.converter.DbConnect - Queries sent: 1283200
2017-06-09 10:06:37 - INFO  de.vv.stockstore.converter.DbConnect - Queries sent: 1284800
2017-06-09 10:06:37 - INFO  de.vv.stockstore.converter.DbConnect - Queries sent: 1286400
2017-06-09 10:06:37 - INFO  de.vv.stockstore.converter.DbConnect - Queries sent: 1288000
2017-06-09 10:06:37 - INFO  de.vv.stockstore.converter.DbConnect - Queries sent: 1289600
2017-06-09 10:06:37 - INFO  de.vv.stockstore.converter.DbConnect - Queries sent: 1291200
2017-06-09 10:06:38 - INFO  de.vv.stockstore.converter.DbConnect - Queries sent: 1292800
2017-06-09 10:06:38 - INFO  de.vv.stockstore.converter.DbConnect - Queries sent: 1294400
2017-06-09 10:06:38 - INFO  de.vv.stockstore.converter.DbConnect - Queries sent: 1296000
2017-06-09 10:06:38 - INFO  de.vv.stockstore.converter.DbConnect - Queries sent: 1297600
2017-06-09 10:06:38 - INFO  de.vv.stockstore.converter.DbConnect - Queries sent: 1299200
2017-06-09 10:06:38 - INFO  de.vv.stockstore.converter.DbConnect - Queries sent: 1300800
2017-06-09 10:06:38 - INFO  de.vv.stockstore.converter.DbConnect - Queries sent: 1302400
2017-06-09 10:06:39 - INFO  de.vv.stockstore.converter.DbConnect - Queries sent: 1304000
2017-06-09 10:06:39 - INFO  de.vv.stockstore.converter.DbConnect - Queries sent: 1305600
2017-06-09 10:06:39 - INFO  de.vv.stockstore.converter.DbConnect - Queries sent: 1307200
2017-06-09 10:06:39 - INFO  de.vv.stockstore.converter.DbConnect - Queries sent: 1308800
2017-06-09 10:06:39 - INFO  de.vv.stockstore.converter.DbConnect - Queries sent: 1310400
2017-06-09 10:06:39 - INFO  de.vv.stockstore.converter.DbConnect - Queries sent: 1312000
2017-06-09 10:06:39 - INFO  de.vv.stockstore.converter.DbConnect - Queries sent: 1313600
2017-06-09 10:06:39 - INFO  de.vv.stockstore.converter.DbConnect - Queries sent: 1315200
2017-06-09 10:06:40 - INFO  de.vv.stockstore.converter.DbConnect - Queries sent: 1316800
2017-06-09 10:06:40 - INFO  de.vv.stockstore.converter.DbConnect - Queries sent: 1318400
2017-06-09 10:06:40 - INFO  de.vv.stockstore.converter.DbConnect - starting StoredProcedure
2017-06-09 10:06:40 - ERROR de.vv.stockstore.converter.DbConnect - Exception: The index 0 is out of range.
2017-06-09 10:06:40 - INFO  de.vv.stockstore.converter.Converter - Converter end.
2017-06-09 10:09:11 - INFO  de.vv.stockstore.converter.Converter - Converter start.
2017-06-09 10:09:11 - INFO  de.vv.stockstore.converter.Converter - Occupying file: D:\StockStore\Esma\Data\esmadata_2017-06-18.txt
2017-06-09 10:09:11 - INFO  de.vv.stockstore.converter.DbConnect - Establishing SQL connection.
2017-06-09 10:09:13 - INFO  de.vv.stockstore.converter.DbConnect - Connection successeded
2017-06-09 10:09:13 - INFO  de.vv.stockstore.converter.DbConnect - starting queries
2017-06-09 10:09:13 - INFO  de.vv.stockstore.converter.DbConnect - starting StoredProcedure
2017-06-09 10:09:13 - ERROR de.vv.stockstore.converter.DbConnect - Exception: Procedure vvsp_import_upload has no parameters and arguments were supplied.
2017-06-09 10:09:13 - INFO  de.vv.stockstore.converter.Converter - Converter end.
2017-06-09 10:10:04 - INFO  de.vv.stockstore.converter.Converter - Converter start.
2017-06-09 10:10:04 - INFO  de.vv.stockstore.converter.Converter - Occupying file: D:\StockStore\Esma\Data\esmadata_2017-06-18.txt
2017-06-09 10:10:04 - INFO  de.vv.stockstore.converter.DbConnect - Establishing SQL connection.
2017-06-09 10:10:05 - INFO  de.vv.stockstore.converter.DbConnect - Connection successeded
2017-06-09 10:10:05 - INFO  de.vv.stockstore.converter.DbConnect - starting queries
2017-06-09 10:10:06 - INFO  de.vv.stockstore.converter.DbConnect - starting StoredProcedure
2017-06-09 10:10:06 - ERROR de.vv.stockstore.converter.DbConnect - Exception: Could not find stored procedure 'vvsp_import_upload2'.
2017-06-09 10:10:06 - INFO  de.vv.stockstore.converter.Converter - Converter end.
2017-06-09 10:10:39 - INFO  de.vv.stockstore.converter.Converter - Converter start.
2017-06-09 10:10:39 - INFO  de.vv.stockstore.converter.Converter - Occupying file: D:\StockStore\Esma\Data\esmadata_2017-06-18.txt
2017-06-09 10:10:39 - INFO  de.vv.stockstore.converter.DbConnect - Establishing SQL connection.
2017-06-09 10:10:41 - INFO  de.vv.stockstore.converter.DbConnect - Connection successeded
2017-06-09 10:10:41 - INFO  de.vv.stockstore.converter.DbConnect - starting queries
2017-06-09 10:10:41 - INFO  de.vv.stockstore.converter.DbConnect - starting StoredProcedure
2017-06-09 10:11:03 - INFO  de.vv.stockstore.converter.DbConnect - completed StoredProcedure
2017-06-09 10:11:03 - INFO  de.vv.stockstore.converter.Converter - Converter end.
